app/build/intermediates/manifest_merge_blame_file/debug/manifest-merger-blame-debug-report.txt
1<?xml version="1.0" encoding="utf-8"?>
2<manifest xmlns:android="http://schemas.android.com/apk/res/android"
3    package="com.example.voxnet.alpha"
4    android:versionCode="1"
5    android:versionName="1.1" >
6
7    <uses-sdk
8        android:minSdkVersion="24"
8-->src\main\AndroidManifest.xml
9        android:targetSdkVersion="33" />
9-->src\main\AndroidManifest.xml
10
11    <uses-feature
11-->src\main\AndroidManifest.xml:4:5-78
12        android:glEsVersion="0x00020000"
12-->src\main\AndroidManifest.xml:4:19-51
13        android:required="true" />
13-->src\main\AndroidManifest.xml:4:52-75
14    <!-- maybe useful <uses-feature android:name="android.hardware.type.pc" android:required="false" /> -->
15
16    <uses-permission android:name="android.permission.WRITE_EXTERNAL_STORAGE" />
16-->src\main\AndroidManifest.xml:7:5-80
16-->src\main\AndroidManifest.xml:7:22-78
17    <uses-permission android:name="android.permission.READ_EXTERNAL_STORAGE" />
17-->src\main\AndroidManifest.xml:8:5-79
17-->src\main\AndroidManifest.xml:8:22-77
18    <!-- Android >= 11 -->
19    <uses-permission android:name="android.permission.MANAGE_EXTERNAL_STORAGE" />
19-->src\main\AndroidManifest.xml:10:5-81
19-->src\main\AndroidManifest.xml:10:22-79
20    <uses-permission android:name="android.permission.INTERNET" />
20-->src\main\AndroidManifest.xml:14:5-66
20-->src\main\AndroidManifest.xml:14:22-64
21
22    <!-- Although the *SdkVersion is captured in gradle build files, this is required for non gradle builds -->
23    <!-- <uses-sdk android:minSdkVersion="14"/> -->
24    <uses-permission android:name="android.permission.ACCESS_NETWORK_STATE" /> <!-- Android requestLegacyExternalStorage fo android 10 -->
24-->[com.google.firebase:firebase-database:20.0.4] AndroidManifest.xml:25:5-79
24-->[com.google.firebase:firebase-database:20.0.4] AndroidManifest.xml:25:22-76
25    <application
25-->src\main\AndroidManifest.xml:17:5-34:19
26        android:allowBackup="true"
26-->src\main\AndroidManifest.xml:18:9-35
27        android:appComponentFactory="androidx.core.app.CoreComponentFactory"
27-->[androidx.core:core:1.7.0] AndroidManifest.xml:24:18-86
28        android:debuggable="true"
29        android:extractNativeLibs="false"
30        android:icon="@mipmap/ic_launcher"
30-->src\main\AndroidManifest.xml:19:9-43
31        android:label="@string/app_name"
31-->src\main\AndroidManifest.xml:20:9-41
32        android:requestLegacyExternalStorage="true"
32-->src\main\AndroidManifest.xml:21:9-52
33        android:roundIcon="@mipmap/ic_launcher_round"
33-->src\main\AndroidManifest.xml:22:9-54
34        android:supportsRtl="true"
34-->src\main\AndroidManifest.xml:23:9-35
35        android:testOnly="true"
36        android:theme="@style/Theme.MyApplication" >
36-->src\main\AndroidManifest.xml:24:9-51
37        <activity
37-->src\main\AndroidManifest.xml:25:9-33:20
38            android:name="com.example.myapplication.MainActivity"
38-->src\main\AndroidManifest.xml:26:13-41
39            android:exported="true" >
39-->src\main\AndroidManifest.xml:27:13-36
40            <intent-filter>
40-->src\main\AndroidManifest.xml:28:13-32:29
41                <action android:name="android.intent.action.MAIN" />
41-->src\main\AndroidManifest.xml:29:17-69
41-->src\main\AndroidManifest.xml:29:25-66
42
43                <category android:name="android.intent.category.LAUNCHER" />
43-->src\main\AndroidManifest.xml:31:17-77
43-->src\main\AndroidManifest.xml:31:27-74
44            </intent-filter>
45        </activity>
46
47        <service
47-->[com.google.firebase:firebase-database-ktx:20.0.4] AndroidManifest.xml:12:9-18:19
48            android:name="com.google.firebase.components.ComponentDiscoveryService"
48-->[com.google.firebase:firebase-database-ktx:20.0.4] AndroidManifest.xml:13:13-84
49            android:directBootAware="true"
49-->[com.google.firebase:firebase-common:20.1.0] AndroidManifest.xml:35:13-43
50            android:exported="false" >
50-->[com.google.firebase:firebase-database-ktx:20.0.4] AndroidManifest.xml:14:13-37
51            <meta-data
51-->[com.google.firebase:firebase-database-ktx:20.0.4] AndroidManifest.xml:15:13-17:85
52                android:name="com.google.firebase.components:com.google.firebase.database.ktx.FirebaseDatabaseKtxRegistrar"
52-->[com.google.firebase:firebase-database-ktx:20.0.4] AndroidManifest.xml:16:17-124
53                android:value="com.google.firebase.components.ComponentRegistrar" />
53-->[com.google.firebase:firebase-database-ktx:20.0.4] AndroidManifest.xml:17:17-82
54            <meta-data
54-->[com.google.firebase:firebase-common-ktx:20.1.0] AndroidManifest.xml:15:13-17:85
55                android:name="com.google.firebase.components:com.google.firebase.ktx.FirebaseCommonKtxRegistrar"
55-->[com.google.firebase:firebase-common-ktx:20.1.0] AndroidManifest.xml:16:17-113
56                android:value="com.google.firebase.components.ComponentRegistrar" />
56-->[com.google.firebase:firebase-common-ktx:20.1.0] AndroidManifest.xml:17:17-82
57            <meta-data
57-->[com.google.firebase:firebase-database:20.0.4] AndroidManifest.xml:32:13-34:85
58                android:name="com.google.firebase.components:com.google.firebase.database.DatabaseRegistrar"
58-->[com.google.firebase:firebase-database:20.0.4] AndroidManifest.xml:33:17-109
59                android:value="com.google.firebase.components.ComponentRegistrar" />
59-->[com.google.firebase:firebase-database:20.0.4] AndroidManifest.xml:34:17-82
60        </service>
61
62        <provider
62-->[com.google.firebase:firebase-common:20.1.0] AndroidManifest.xml:26:9-31:39
63            android:name="com.google.firebase.provider.FirebaseInitProvider"
63-->[com.google.firebase:firebase-common:20.1.0] AndroidManifest.xml:27:13-77
64            android:authorities="com.example.voxnet.alpha.firebaseinitprovider"
64-->[com.google.firebase:firebase-common:20.1.0] AndroidManifest.xml:28:13-72
65            android:directBootAware="true"
65-->[com.google.firebase:firebase-common:20.1.0] AndroidManifest.xml:29:13-43
66            android:exported="false"
66-->[com.google.firebase:firebase-common:20.1.0] AndroidManifest.xml:30:13-37
67            android:initOrder="100" />
67-->[com.google.firebase:firebase-common:20.1.0] AndroidManifest.xml:31:13-36
68
69        <activity
69-->[com.google.android.gms:play-services-base:18.0.1] AndroidManifest.xml:20:9-22:45
70            android:name="com.google.android.gms.common.api.GoogleApiActivity"
70-->[com.google.android.gms:play-services-base:18.0.1] AndroidManifest.xml:20:19-85
71            android:exported="false"
71-->[com.google.android.gms:play-services-base:18.0.1] AndroidManifest.xml:22:19-43
72            android:theme="@android:style/Theme.Translucent.NoTitleBar" />
72-->[com.google.android.gms:play-services-base:18.0.1] AndroidManifest.xml:21:19-78
73
74        <meta-data
74-->[com.google.android.gms:play-services-basement:18.0.0] AndroidManifest.xml:21:9-23:69
75            android:name="com.google.android.gms.version"
75-->[com.google.android.gms:play-services-basement:18.0.0] AndroidManifest.xml:22:13-58
76            android:value="@integer/google_play_services_version" />
76-->[com.google.android.gms:play-services-basement:18.0.0] AndroidManifest.xml:23:13-66
77    </application>
78
79</manifest>